<?xml version="1.0" encoding="UTF-8"?>
<testsuite name="explorer.MarsRoverSpecs" tests="12" skipped="0" failures="0" errors="0" timestamp="2023-03-09T05:53:09" hostname="Hiranyas-MacBook-Pro.local" time="0.048">
  <properties/>
  <testcase name="facingEastMovesForwardOneGridPointInEast()" classname="explorer.MarsRoverSpecs" time="0.018"/>
  <testcase name="facingWestMovesBackWardOneGridPointInNorth()" classname="explorer.MarsRoverSpecs" time="0.002"/>
  <testcase name="facingSouthTurningLeftHeadsToEast()" classname="explorer.MarsRoverSpecs" time="0.002"/>
  <testcase name="facingNorthMovingForwardOneGridPointInNorth()" classname="explorer.MarsRoverSpecs" time="0.001"/>
  <testcase name="facingSouthTurningRightHeadsToWest()" classname="explorer.MarsRoverSpecs" time="0.003"/>
  <testcase name="facingWestTurningRightHeadsToNorth()" classname="explorer.MarsRoverSpecs" time="0.001"/>
  <testcase name="facingSouthMovesBackWardOneGridPointInSouth()" classname="explorer.MarsRoverSpecs" time="0.001"/>
  <testcase name="facingNorthTurningLeftHeadsToWest()" classname="explorer.MarsRoverSpecs" time="0.001"/>
  <testcase name="facingEastTurningLeftHeadsToNorth()" classname="explorer.MarsRoverSpecs" time="0.001"/>
  <testcase name="facingWestTurningLeftHeadsToNorth()" classname="explorer.MarsRoverSpecs" time="0.0"/>
  <testcase name="facingEastTurningRightHeadsToSouth()" classname="explorer.MarsRoverSpecs" time="0.0"/>
  <testcase name="facingNorthTurningRightHeadsToEast()" classname="explorer.MarsRoverSpecs" time="0.001"/>
  <system-out><![CDATA[]]></system-out>
  <system-err><![CDATA[]]></system-err>
</testsuite>
